<?xml version="1.0" encoding="UTF-8"?>
<!-- Generated by org.testng.reporters.JUnitReportReporter -->
<testsuite skipped="0" hostname="ABCD" name="testng_program.InvocationCount" tests="1" failures="0" timestamp="12 Jan 2020 06:16:16 GMT" time="0.025" errors="0">
  <testcase name="test1" time="0.025" classname="testng_program.InvocationCount"/>
</testsuite> <!-- testng_program.InvocationCount -->
