<?xml version="1.0" encoding="UTF-8"?>
<!-- Generated by org.testng.reporters.JUnitReportReporter -->
<testsuite skipped="0" hostname="ABCD" name="testng_program.ParamaterAnno" tests="1" failures="0" timestamp="12 Jan 2020 08:49:21 GMT" time="26.812" errors="0">
  <testcase name="yahooLogin" time="26.812" classname="testng_program.ParamaterAnno"/>
</testsuite> <!-- testng_program.ParamaterAnno -->
