<?xml version="1.0" encoding="UTF-8"?>
<!-- Generated by org.testng.reporters.JUnitReportReporter -->
<testsuite skipped="0" hostname="ABCD" name="testng_program.TestNgNotes" tests="3" failures="0" timestamp="12 Jan 2020 06:43:10 GMT" time="0.020" errors="0">
  <testcase name="democheck" time="0.005" classname="testng_program.TestNgNotes"/>
  <testcase name="sample" time="0.010" classname="testng_program.TestNgNotes"/>
  <testcase name="titlechecl" time="0.005" classname="testng_program.TestNgNotes"/>
</testsuite> <!-- testng_program.TestNgNotes -->
