<?xml version="1.0" encoding="UTF-8"?>
<!-- Generated by org.testng.reporters.JUnitReportReporter -->
<testsuite skipped="0" hostname="ABCD" name="testng_program.TestNgDependency" tests="3" failures="0" timestamp="12 Jan 2020 06:01:33 GMT" time="0.036" errors="0">
  <testcase name="SearchPagaTest" time="0.004" classname="testng_program.TestNgDependency"/>
  <testcase name="loginTest" time="0.028" classname="testng_program.TestNgDependency"/>
  <testcase name="HomePageTest" time="0.004" classname="testng_program.TestNgDependency"/>
</testsuite> <!-- testng_program.TestNgDependency -->
