<?xml version="1.0" encoding="UTF-8"?>
<!-- Generated by org.testng.reporters.JUnitReportReporter -->
<testsuite skipped="0" hostname="ABCD" name="testng_program.TestNgNotes" tests="3" failures="0" timestamp="12 Jan 2020 05:10:14 GMT" time="0.015" errors="0">
  <testcase name="sample" time="0.000" classname="testng_program.TestNgNotes"/>
  <testcase name="titlechecl" time="0.000" classname="testng_program.TestNgNotes"/>
  <testcase name="democheck" time="0.015" classname="testng_program.TestNgNotes"/>
</testsuite> <!-- testng_program.TestNgNotes -->
